0 info it worked if it ends with ok
1 verbose cli [ '/home/jay/node/bin/node',
1 verbose cli   '/home/jay/node/bin/npm',
1 verbose cli   'run',
1 verbose cli   'init' ]
2 info using npm@3.10.3
3 info using node@v6.3.1
4 verbose run-script [ 'preinit', 'init', 'postinit' ]
5 info lifecycle thatPub@1.0.0~preinit: thatPub@1.0.0
6 silly lifecycle thatPub@1.0.0~preinit: no script for preinit, continuing
7 info lifecycle thatPub@1.0.0~init: thatPub@1.0.0
8 verbose lifecycle thatPub@1.0.0~init: unsafe-perm in lifecycle true
9 verbose lifecycle thatPub@1.0.0~init: PATH: /home/jay/node/lib/node_modules/npm/bin/node-gyp-bin:/home/jay/web/pub/node_modules/.bin:/home/jay/node/bin:/usr/local/bin:/usr/bin:/bin:/usr/games:/home/jay/node/bin:/home/jay/bin:/home/jay/jre/bin:/usr/local/go/bin:/usr/local/cuda-7.0/bin:/tools:/platform-tools:./node_modules/.bin
10 verbose lifecycle thatPub@1.0.0~init: CWD: /home/jay/web/pub
11 silly lifecycle thatPub@1.0.0~init: Args: [ '-c',
11 silly lifecycle   'npm install && bower install --force && sh setup-node-sass.sh && npm run dist' ]
12 silly lifecycle thatPub@1.0.0~init: Returned: code: 1  signal: null
13 info lifecycle thatPub@1.0.0~init: Failed to exec init script
14 verbose stack Error: thatPub@1.0.0 init: `npm install && bower install --force && sh setup-node-sass.sh && npm run dist`
14 verbose stack Exit status 1
14 verbose stack     at EventEmitter.<anonymous> (/home/jay/node/lib/node_modules/npm/lib/utils/lifecycle.js:242:16)
14 verbose stack     at emitTwo (events.js:106:13)
14 verbose stack     at EventEmitter.emit (events.js:191:7)
14 verbose stack     at ChildProcess.<anonymous> (/home/jay/node/lib/node_modules/npm/lib/utils/spawn.js:40:14)
14 verbose stack     at emitTwo (events.js:106:13)
14 verbose stack     at ChildProcess.emit (events.js:191:7)
14 verbose stack     at maybeClose (internal/child_process.js:852:16)
14 verbose stack     at Process.ChildProcess._handle.onexit (internal/child_process.js:215:5)
15 verbose pkgid thatPub@1.0.0
16 verbose cwd /home/jay/web/pub
17 error Linux 4.6.3-x86_64-linode70
18 error argv "/home/jay/node/bin/node" "/home/jay/node/bin/npm" "run" "init"
19 error node v6.3.1
20 error npm  v3.10.3
21 error code ELIFECYCLE
22 error thatPub@1.0.0 init: `npm install && bower install --force && sh setup-node-sass.sh && npm run dist`
22 error Exit status 1
23 error Failed at the thatPub@1.0.0 init script 'npm install && bower install --force && sh setup-node-sass.sh && npm run dist'.
23 error Make sure you have the latest version of node.js and npm installed.
23 error If you do, this is most likely a problem with the thatPub package,
23 error not with npm itself.
23 error Tell the author that this fails on your system:
23 error     npm install && bower install --force && sh setup-node-sass.sh && npm run dist
23 error You can get information on how to open an issue for this project with:
23 error     npm bugs thatPub
23 error Or if that isn't available, you can get their info via:
23 error     npm owner ls thatPub
23 error There is likely additional logging output above.
24 verbose exit [ 1, true ]
